0 verbose cli C:\Program Files\nodejs\node.exe C:\Program Files\nodejs\node_modules\npm\bin\npm-cli.js
1 info using npm@11.10.1
2 info using node@v25.7.0
3 silly config load:file:C:\Program Files\nodejs\node_modules\npm\npmrc
4 silly config load:file:C:\xampp\htdocs\repo\Kyro-repo\.npmrc
5 silly config load:file:C:\Users\Dansa\.npmrc
6 silly config load:file:C:\Users\Dansa\AppData\Roaming\npm\etc\npmrc
7 verbose title npm install
8 verbose argv "install" "--package-lock-only"
9 verbose logfile logs-max:10 dir:C:\xampp\htdocs\repo\Kyro-repo\.npm-cache\_logs\2026-03-24T07_26_04_161Z-
10 verbose logfile C:\xampp\htdocs\repo\Kyro-repo\.npm-cache\_logs\2026-03-24T07_26_04_161Z-debug-0.log
11 silly logfile done cleaning log files
12 silly packumentCache heap:2348810240 maxSize:587202560 maxEntrySize:293601280
13 silly idealTree buildDeps
14 silly audit bulk request {
14 silly audit   '@alloc/quick-lru': [ '5.2.0' ],
14 silly audit   '@ampproject/remapping': [ '2.3.0' ],
14 silly audit   '@babel/code-frame': [ '7.27.1' ],
14 silly audit   '@babel/compat-data': [ '7.28.0' ],
14 silly audit   '@babel/core': [ '7.28.3' ],
14 silly audit   '@babel/generator': [ '7.28.3' ],
14 silly audit   '@babel/helper-compilation-targets': [ '7.27.2' ],
14 silly audit   '@babel/helper-globals': [ '7.28.0' ],
14 silly audit   '@babel/helper-module-imports': [ '7.27.1' ],
14 silly audit   '@babel/helper-module-transforms': [ '7.28.3' ],
14 silly audit   '@babel/helper-plugin-utils': [ '7.27.1' ],
14 silly audit   '@babel/helper-string-parser': [ '7.27.1' ],
14 silly audit   '@babel/helper-validator-identifier': [ '7.27.1' ],
14 silly audit   '@babel/helper-validator-option': [ '7.27.1' ],
14 silly audit   '@babel/helpers': [ '7.28.3' ],
14 silly audit   '@babel/parser': [ '7.28.3' ],
14 silly audit   '@babel/plugin-transform-react-jsx-self': [ '7.27.1' ],
14 silly audit   '@babel/plugin-transform-react-jsx-source': [ '7.27.1' ],
14 silly audit   '@babel/runtime': [ '7.28.4' ],
14 silly audit   '@babel/template': [ '7.27.2' ],
14 silly audit   '@babel/traverse': [ '7.28.3' ],
14 silly audit   '@babel/types': [ '7.28.2' ],
14 silly audit   '@date-fns/tz': [ '1.4.1' ],
14 silly audit   '@esbuild/aix-ppc64': [ '0.21.5' ],
14 silly audit   '@esbuild/android-arm': [ '0.21.5' ],
14 silly audit   '@esbuild/android-arm64': [ '0.21.5' ],
14 silly audit   '@esbuild/android-x64': [ '0.21.5' ],
14 silly audit   '@esbuild/darwin-arm64': [ '0.21.5' ],
14 silly audit   '@esbuild/darwin-x64': [ '0.21.5' ],
14 silly audit   '@esbuild/freebsd-arm64': [ '0.21.5' ],
14 silly audit   '@esbuild/freebsd-x64': [ '0.21.5' ],
14 silly audit   '@esbuild/linux-arm': [ '0.21.5' ],
14 silly audit   '@esbuild/linux-arm64': [ '0.21.5' ],
14 silly audit   '@esbuild/linux-ia32': [ '0.21.5' ],
14 silly audit   '@esbuild/linux-loong64': [ '0.21.5' ],
14 silly audit   '@esbuild/linux-mips64el': [ '0.21.5' ],
14 silly audit   '@esbuild/linux-ppc64': [ '0.21.5' ],
14 silly audit   '@esbuild/linux-riscv64': [ '0.21.5' ],
14 silly audit   '@esbuild/linux-s390x': [ '0.21.5' ],
14 silly audit   '@esbuild/linux-x64': [ '0.21.5' ],
14 silly audit   '@esbuild/netbsd-x64': [ '0.21.5' ],
14 silly audit   '@esbuild/openbsd-x64': [ '0.21.5' ],
14 silly audit   '@esbuild/sunos-x64': [ '0.21.5' ],
14 silly audit   '@esbuild/win32-arm64': [ '0.21.5' ],
14 silly audit   '@esbuild/win32-ia32': [ '0.21.5' ],
14 silly audit   '@esbuild/win32-x64': [ '0.21.5' ],
14 silly audit   '@floating-ui/core': [ '1.7.3' ],
14 silly audit   '@floating-ui/dom': [ '1.7.4' ],
14 silly audit   '@floating-ui/react': [ '0.27.16' ],
14 silly audit   '@floating-ui/react-dom': [ '2.1.6' ],
14 silly audit   '@floating-ui/utils': [ '0.2.10' ],
14 silly audit   '@fullcalendar/core': [ '6.1.19' ],
14 silly audit   '@fullcalendar/daygrid': [ '6.1.19' ],
14 silly audit   '@fullcalendar/interaction': [ '6.1.19' ],
14 silly audit   '@fullcalendar/react': [ '6.1.19' ],
14 silly audit   '@fullcalendar/timegrid': [ '6.1.19' ],
14 silly audit   '@headlessui/react': [ '1.7.19' ],
14 silly audit   '@hello-pangea/dnd': [ '18.0.1' ],
14 silly audit   '@inertiajs/core': [ '1.3.0', '2.1.3' ],
14 silly audit   '@inertiajs/react': [ '1.3.0' ],
14 silly audit   '@inertiajs/vue3': [ '2.1.3' ],
14 silly audit   '@isaacs/cliui': [ '8.0.2' ],
14 silly audit   '@jridgewell/gen-mapping': [ '0.3.13' ],
14 silly audit   '@jridgewell/resolve-uri': [ '3.1.2' ],
14 silly audit   '@jridgewell/sourcemap-codec': [ '1.5.5' ],
14 silly audit   '@jridgewell/trace-mapping': [ '0.3.30' ],
14 silly audit   '@nodelib/fs.scandir': [ '2.1.5' ],
14 silly audit   '@nodelib/fs.stat': [ '2.0.5' ],
14 silly audit   '@nodelib/fs.walk': [ '1.2.8' ],
14 silly audit   '@pkgjs/parseargs': [ '0.11.0' ],
14 silly audit   '@radix-ui/number': [ '1.1.1' ],
14 silly audit   '@radix-ui/primitive': [ '1.1.3' ],
14 silly audit   '@radix-ui/react-alert-dialog': [ '1.1.15' ],
14 silly audit   '@radix-ui/react-arrow': [ '1.1.7' ],
14 silly audit   '@radix-ui/react-avatar': [ '1.1.10' ],
14 silly audit   '@radix-ui/react-checkbox': [ '1.3.3' ],
14 silly audit   '@radix-ui/react-collapsible': [ '1.1.12' ],
14 silly audit   '@radix-ui/react-collection': [ '1.1.7' ],
14 silly audit   '@radix-ui/react-compose-refs': [ '1.1.2' ],
14 silly audit   '@radix-ui/react-context': [ '1.1.2' ],
14 silly audit   '@radix-ui/react-dialog': [ '1.1.15' ],
14 silly audit   '@radix-ui/react-direction': [ '1.1.1' ],
14 silly audit   '@radix-ui/react-dismissable-layer': [ '1.1.11' ],
14 silly audit   '@radix-ui/react-dropdown-menu': [ '2.1.16' ],
14 silly audit   '@radix-ui/react-focus-guards': [ '1.1.3' ],
14 silly audit   '@radix-ui/react-focus-scope': [ '1.1.7' ],
14 silly audit   '@radix-ui/react-id': [ '1.1.1' ],
14 silly audit   '@radix-ui/react-label': [ '2.1.7' ],
14 silly audit   '@radix-ui/react-menu': [ '2.1.16' ],
14 silly audit   '@radix-ui/react-popover': [ '1.1.15' ],
14 silly audit   '@radix-ui/react-popper': [ '1.2.8' ],
14 silly audit   '@radix-ui/react-portal': [ '1.1.9' ],
14 silly audit   '@radix-ui/react-presence': [ '1.1.5' ],
14 silly audit   '@radix-ui/react-primitive': [ '2.1.3' ],
14 silly audit   '@radix-ui/react-radio-group': [ '1.3.8' ],
14 silly audit   '@radix-ui/react-roving-focus': [ '1.1.11' ],
14 silly audit   '@radix-ui/react-scroll-area': [ '1.2.10' ],
14 silly audit   '@radix-ui/react-select': [ '2.2.6' ],
14 silly audit   '@radix-ui/react-separator': [ '1.1.7' ],
14 silly audit   '@radix-ui/react-slider': [ '1.3.6' ],
14 silly audit   '@radix-ui/react-slot': [ '1.2.3' ],
14 silly audit   '@radix-ui/react-switch': [ '1.2.6' ],
14 silly audit   '@radix-ui/react-toggle': [ '1.1.10' ],
14 silly audit   '@radix-ui/react-tooltip': [ '1.2.8' ],
14 silly audit   '@radix-ui/react-use-callback-ref': [ '1.1.1' ],
14 silly audit   '@radix-ui/react-use-controllable-state': [ '1.2.2' ],
14 silly audit   '@radix-ui/react-use-effect-event': [ '0.0.2' ],
14 silly audit   '@radix-ui/react-use-escape-keydown': [ '1.1.1' ],
14 silly audit   '@radix-ui/react-use-is-hydrated': [ '0.1.0' ],
14 silly audit   '@radix-ui/react-use-layout-effect': [ '1.1.1' ],
14 silly audit   '@radix-ui/react-use-previous': [ '1.1.1' ],
14 silly audit   '@radix-ui/react-use-rect': [ '1.1.1' ],
14 silly audit   '@radix-ui/react-use-size': [ '1.1.1' ],
14 silly audit   '@radix-ui/react-visually-hidden': [ '1.2.3' ],
14 silly audit   '@radix-ui/rect': [ '1.1.1' ],
14 silly audit   '@reduxjs/toolkit': [ '2.9.0' ],
14 silly audit   '@remirror/core-constants': [ '3.0.0' ],
14 silly audit   '@rolldown/pluginutils': [ '1.0.0-beta.27' ],
14 silly audit   '@rollup/rollup-android-arm-eabi': [ '4.49.0' ],
14 silly audit   '@rollup/rollup-android-arm64': [ '4.49.0' ],
14 silly audit   '@rollup/rollup-darwin-arm64': [ '4.49.0' ],
14 silly audit   '@rollup/rollup-darwin-x64': [ '4.49.0' ],
14 silly audit   '@rollup/rollup-freebsd-arm64': [ '4.49.0' ],
14 silly audit   '@rollup/rollup-freebsd-x64': [ '4.49.0' ],
14 silly audit   '@rollup/rollup-linux-arm-gnueabihf': [ '4.49.0' ],
14 silly audit   '@rollup/rollup-linux-arm-musleabihf': [ '4.49.0' ],
14 silly audit   '@rollup/rollup-linux-arm64-gnu': [ '4.49.0' ],
14 silly audit   '@rollup/rollup-linux-arm64-musl': [ '4.49.0' ],
14 silly audit   '@rollup/rollup-linux-loongarch64-gnu': [ '4.49.0' ],
14 silly audit   '@rollup/rollup-linux-ppc64-gnu': [ '4.49.0' ],
14 silly audit   '@rollup/rollup-linux-riscv64-gnu': [ '4.49.0' ],
14 silly audit   '@rollup/rollup-linux-riscv64-musl': [ '4.49.0' ],
14 silly audit   '@rollup/rollup-linux-s390x-gnu': [ '4.49.0' ],
14 silly audit   '@rollup/rollup-linux-x64-gnu': [ '4.49.0' ],
14 silly audit   '@rollup/rollup-linux-x64-musl': [ '4.49.0' ],
14 silly audit   '@rollup/rollup-win32-arm64-msvc': [ '4.49.0' ],
14 silly audit   '@rollup/rollup-win32-ia32-msvc': [ '4.49.0' ],
14 silly audit   '@rollup/rollup-win32-x64-msvc': [ '4.49.0' ],
14 silly audit   '@standard-schema/spec': [ '1.0.0' ],
14 silly audit   '@standard-schema/utils': [ '0.3.0' ],
14 silly audit   '@syncfusion/ej2-base': [ '31.2.12' ],
14 silly audit   '@syncfusion/ej2-buttons': [ '31.2.12' ],
14 silly audit   '@syncfusion/ej2-data': [ '31.2.12' ],
14 silly audit   '@syncfusion/ej2-diagrams': [ '31.2.15' ],
14 silly audit   '@syncfusion/ej2-icons': [ '31.2.12' ],
14 silly audit   '@syncfusion/ej2-inputs': [ '31.2.15' ],
14 silly audit   '@syncfusion/ej2-lists': [ '31.2.12' ],
14 silly audit   '@syncfusion/ej2-navigations': [ '31.2.12' ],
14 silly audit   '@syncfusion/ej2-popups': [ '31.2.12' ],
14 silly audit   '@syncfusion/ej2-react-base': [ '31.2.12' ],
14 silly audit   '@syncfusion/ej2-react-diagrams': [ '31.2.15' ],
14 silly audit   '@syncfusion/ej2-react-navigations': [ '31.2.12' ],
14 silly audit   '@syncfusion/ej2-splitbuttons': [ '31.2.12' ],
14 silly audit   '@tailwindcss/forms': [ '0.5.10' ],
14 silly audit   '@tanstack/react-virtual': [ '3.13.12' ],
14 silly audit   '@tanstack/virtual-core': [ '3.13.12' ],
14 silly audit   '@tiptap/core': [ '3.3.0' ],
14 silly audit   '@tiptap/extension-blockquote': [ '3.3.0' ],
14 silly audit   '@tiptap/extension-bold': [ '3.3.0' ],
14 silly audit   '@tiptap/extension-bubble-menu': [ '3.3.0' ],
14 silly audit   '@tiptap/extension-bullet-list': [ '3.3.0' ],
14 silly audit   '@tiptap/extension-code': [ '3.3.0' ],
14 silly audit   '@tiptap/extension-code-block': [ '3.3.0' ],
14 silly audit   '@tiptap/extension-color': [ '3.3.0' ],
14 silly audit   '@tiptap/extension-document': [ '3.3.0' ],
14 silly audit   '@tiptap/extension-dropcursor': [ '3.3.0' ],
14 silly audit   '@tiptap/extension-floating-menu': [ '3.3.0' ],
14 silly audit   '@tiptap/extension-gapcursor': [ '3.3.0' ],
14 silly audit   '@tiptap/extension-hard-break': [ '3.3.0' ],
14 silly audit   '@tiptap/extension-heading': [ '3.3.0' ],
14 silly audit   '@tiptap/extension-highlight': [ '3.3.0' ],
14 silly audit   '@tiptap/extension-horizontal-rule': [ '3.3.0' ],
14 silly audit   '@tiptap/extension-italic': [ '3.3.0' ],
14 silly audit   '@tiptap/extension-link': [ '3.3.0' ],
14 silly audit   '@tiptap/extension-list': [ '3.3.0' ],
14 silly audit   '@tiptap/extension-list-item': [ '3.3.0' ],
14 silly audit   '@tiptap/extension-list-keymap': [ '3.3.0' ],
14 silly audit   '@tiptap/extension-ordered-list': [ '3.3.0' ],
14 silly audit   '@tiptap/extension-paragraph': [ '3.3.0' ],
14 silly audit   '@tiptap/extension-strike': [ '3.3.0' ],
14 silly audit   '@tiptap/extension-text': [ '3.3.0' ],
14 silly audit   '@tiptap/extension-text-align': [ '3.3.0' ],
14 silly audit   '@tiptap/extension-text-style': [ '3.3.0' ],
14 silly audit   '@tiptap/extension-underline': [ '3.3.0' ],
14 silly audit   '@tiptap/extensions': [ '3.3.0' ],
14 silly audit   '@tiptap/pm': [ '3.3.0' ],
14 silly audit   '@tiptap/react': [ '3.3.0' ],
14 silly audit   '@tiptap/starter-kit': [ '3.3.0' ],
14 silly audit   '@types/babel__core': [ '7.20.5' ],
14 silly audit   '@types/babel__generator': [ '7.27.0' ],
14 silly audit   '@types/babel__template': [ '7.4.4' ],
14 silly audit   '@types/babel__traverse': [ '7.28.0' ],
14 silly audit   '@types/d3-array': [ '3.2.2' ],
14 silly audit   '@types/d3-color': [ '3.1.3' ],
14 silly audit   '@types/d3-ease': [ '3.0.2' ],
14 silly audit   '@types/d3-interpolate': [ '3.0.4' ],
14 silly audit   '@types/d3-path': [ '3.1.1' ],
14 silly audit   '@types/d3-scale': [ '4.0.9' ],
14 silly audit   '@types/d3-shape': [ '3.1.7' ],
14 silly audit   '@types/d3-time': [ '3.0.4' ],
14 silly audit   '@types/d3-timer': [ '3.0.2' ],
14 silly audit   '@types/estree': [ '1.0.8' ],
14 silly audit   '@types/jsbarcode': [ '3.11.4' ],
14 silly audit   '@types/linkify-it': [ '5.0.0' ],
14 silly audit   '@types/lodash': [ '4.17.20' ],
14 silly audit   '@types/lodash-es': [ '4.17.12' ],
14 silly audit   '@types/markdown-it': [ '14.1.2' ],
14 silly audit   '@types/mdurl': [ '2.0.0' ],
14 silly audit   '@types/node': [ '18.19.123' ],
14 silly audit   '@types/pako': [ '2.0.4' ],
14 silly audit   '@types/prop-types': [ '15.7.15' ],
14 silly audit   '@types/qrcode': [ '1.5.5' ],
14 silly audit   '@types/raf': [ '3.4.3' ],
14 silly audit   '@types/react': [ '18.3.24' ],
14 silly audit   '@types/react-dom': [ '18.3.7' ],
14 silly audit   '@types/react-google-recaptcha': [ '2.1.9' ],
14 silly audit   '@types/trusted-types': [ '2.0.7' ],
14 silly audit   '@types/use-sync-external-store': [ '0.0.6' ],
14 silly audit   '@vitejs/plugin-react': [ '4.7.0' ],
14 silly audit   '@vue/compiler-core': [ '3.5.20' ],
14 silly audit   '@vue/compiler-dom': [ '3.5.20' ],
14 silly audit   '@vue/compiler-sfc': [ '3.5.20' ],
14 silly audit   '@vue/compiler-ssr': [ '3.5.20' ],
14 silly audit   '@vue/reactivity': [ '3.5.20' ],
14 silly audit   '@vue/runtime-core': [ '3.5.20' ],
14 silly audit   '@vue/runtime-dom': [ '3.5.20' ],
14 silly audit   '@vue/server-renderer': [ '3.5.20' ],
14 silly audit   '@vue/shared': [ '3.5.20' ],
14 silly audit   'ansi-escapes': [ '1.4.0' ],
14 silly audit   'ansi-regex': [ '6.2.0', '2.1.1', '5.0.1', '3.0.1' ],
14 silly audit   'ansi-styles': [ '6.2.1', '2.2.1', '4.3.0' ],
14 silly audit   'any-promise': [ '1.3.0' ],
14 silly audit   anymatch: [ '3.1.3' ],
14 silly audit   arg: [ '5.0.2' ],
14 silly audit   argparse: [ '2.0.1' ],
14 silly audit   'aria-hidden': [ '1.2.6' ],
14 silly audit   asynckit: [ '0.4.0' ],
14 silly audit   autoprefixer: [ '10.4.21' ],
14 silly audit   axios: [ '1.12.0' ],
14 silly audit   'babel-polyfill': [ '6.23.0' ],
14 silly audit   'core-js': [ '2.6.12', '3.45.1' ],
14 silly audit   'regenerator-runtime': [ '0.10.5', '0.11.1', '0.13.11' ],
14 silly audit   'babel-runtime': [ '6.26.0' ],
14 silly audit   'balanced-match': [ '1.0.2' ],
14 silly audit   'base64-arraybuffer': [ '1.0.2' ],
14 silly audit   'binary-extensions': [ '2.3.0' ],
14 silly audit   'brace-expansion': [ '2.0.2' ],
14 silly audit   braces: [ '3.0.3' ],
14 silly audit   browserslist: [ '4.25.3' ],
14 silly audit   'call-bind-apply-helpers': [ '1.0.2' ],
14 silly audit   'call-bound': [ '1.0.4' ],
14 silly audit   camelcase: [ '5.3.1' ],
14 silly audit   'camelcase-css': [ '2.0.1' ],
14 silly audit   'caniuse-lite': [ '1.0.30001737' ],
14 silly audit   canvg: [ '3.0.11' ],
14 silly audit   chalk: [ '1.1.3' ],
14 silly audit   'escape-string-regexp': [ '1.0.5', '4.0.0' ],
14 silly audit   'strip-ansi': [ '3.0.1', '6.0.1', '4.0.0', '7.1.0' ],
14 silly audit   chardet: [ '0.4.2' ],
14 silly audit   chokidar: [ '3.6.0' ],
14 silly audit   'glob-parent': [ '5.1.2', '6.0.2' ],
14 silly audit   'class-variance-authority': [ '0.7.1' ],
14 silly audit   'cli-cursor': [ '2.1.0' ],
14 silly audit   'cli-width': [ '2.2.1' ],
14 silly audit   'client-only': [ '0.0.1' ],
14 silly audit   cliui: [ '6.0.0' ],
14 silly audit   'emoji-regex': [ '8.0.0', '9.2.2' ],
14 silly audit   'string-width': [ '4.2.3', '2.1.1', '5.1.2' ],
14 silly audit   'wrap-ansi': [ '6.2.0', '8.1.0', '7.0.0' ],
14 silly audit   clsx: [ '2.1.1' ],
14 silly audit   'color-convert': [ '2.0.1' ],
14 silly audit   'color-name': [ '1.1.4' ],
14 silly audit   'combined-stream': [ '1.0.8' ],
14 silly audit   commander: [ '4.1.1' ],
14 silly audit   'convert-source-map': [ '2.0.0' ],
14 silly audit   'copy-anything': [ '2.0.6' ],
14 silly audit   crelt: [ '1.0.6' ],
14 silly audit   'cross-fetch': [ '4.0.0' ],
14 silly audit   'cross-spawn': [ '7.0.6' ],
14 silly audit   'css-box-model': [ '1.2.1' ],
14 silly audit   'css-line-break': [ '2.1.0' ],
14 silly audit   cssesc: [ '3.0.0' ],
14 silly audit   csstype: [ '3.1.3' ],
14 silly audit   'd3-array': [ '3.2.4' ],
14 silly audit   'd3-color': [ '3.1.0' ],
14 silly audit   'd3-ease': [ '3.0.1' ],
14 silly audit   'd3-format': [ '3.1.0' ],
14 silly audit   'd3-interpolate': [ '3.0.1' ],
14 silly audit   'd3-path': [ '3.1.0' ],
14 silly audit   'd3-scale': [ '4.0.2' ],
14 silly audit   'd3-shape': [ '3.2.0' ],
14 silly audit   'd3-time': [ '3.1.0' ],
14 silly audit   'd3-time-format': [ '4.1.0' ],
14 silly audit   'd3-timer': [ '3.0.1' ],
14 silly audit   'date-fns': [ '3.6.0', '4.1.0' ],
14 silly audit   'date-fns-jalali': [ '4.1.0-0' ],
14 silly audit   debug: [ '4.4.1' ],
14 silly audit   decamelize: [ '1.2.0' ],
14 silly audit   'decimal.js-light': [ '2.5.1' ],
14 silly audit   deepmerge: [ '4.3.1' ],
14 silly audit   'delayed-stream': [ '1.0.0' ],
14 silly audit   'detect-node-es': [ '1.1.0' ],
14 silly audit   didyoumean: [ '1.2.2' ],
14 silly audit   dijkstrajs: [ '1.0.3' ],
14 silly audit   dlv: [ '1.1.3' ],
14 silly audit   dompurify: [ '3.2.7' ],
14 silly audit   'dunder-proto': [ '1.0.1' ],
14 silly audit   eastasianwidth: [ '0.2.0' ],
14 silly audit   'electron-to-chromium': [ '1.5.211' ],
14 silly audit   encoding: [ '0.1.13' ],
14 silly audit   entities: [ '4.5.0' ],
14 silly audit   errno: [ '0.1.8' ],
14 silly audit   'es-define-property': [ '1.0.1' ],
14 silly audit   'es-errors': [ '1.3.0' ],
14 silly audit   'es-object-atoms': [ '1.1.1' ],
14 silly audit   'es-set-tostringtag': [ '2.1.0' ],
14 silly audit   'es-toolkit': [ '1.39.10' ],
14 silly audit   esbuild: [ '0.21.5' ],
14 silly audit   escalade: [ '3.2.0' ],
14 silly audit   'estree-walker': [ '2.0.2' ],
14 silly audit   eventemitter3: [ '5.0.1' ],
14 silly audit   'external-editor': [ '2.2.0' ],
14 silly audit   'iconv-lite': [ '0.4.24', '0.6.3' ],
14 silly audit   'fast-deep-equal': [ '3.1.3' ],
14 silly audit   'fast-glob': [ '3.3.3' ],
14 silly audit   'fast-png': [ '6.4.0' ],
14 silly audit   fastq: [ '1.19.1' ],
14 silly audit   fflate: [ '0.8.2' ],
14 silly audit   figures: [ '2.0.0' ],
14 silly audit   'fill-range': [ '7.1.1' ],
14 silly audit   'find-up': [ '4.1.0' ],
14 silly audit   'follow-redirects': [ '1.15.11' ],
14 silly audit   'foreground-child': [ '3.3.1' ],
14 silly audit   'form-data': [ '4.0.4' ],
14 silly audit   'fraction.js': [ '4.3.7' ],
14 silly audit   fsevents: [ '2.3.3' ],
14 silly audit   'function-bind': [ '1.1.2' ],
14 silly audit   gensync: [ '1.0.0-beta.2' ],
14 silly audit   'get-caller-file': [ '2.0.5' ],
14 silly audit   'get-intrinsic': [ '1.3.0' ],
14 silly audit   'get-nonce': [ '1.0.1' ],
14 silly audit   'get-proto': [ '1.0.1' ],
14 silly audit   glob: [ '10.4.5' ],
14 silly audit   gopd: [ '1.2.0' ],
14 silly audit   'graceful-fs': [ '4.2.11' ],
14 silly audit   'has-ansi': [ '2.0.0' ],
14 silly audit   'has-symbols': [ '1.1.0' ],
14 silly audit   'has-tostringtag': [ '1.0.2' ],
14 silly audit   hasown: [ '2.0.2' ],
14 silly audit   'hoist-non-react-statics': [ '3.3.2' ],
14 silly audit   'html-parse-stringify': [ '3.0.1' ],
14 silly audit   html2canvas: [ '1.4.1' ],
14 silly audit   'html2pdf.js': [ '0.12.1' ],
14 silly audit   i18next: [ '25.4.2' ],
14 silly audit   'i18next-browser-languagedetector': [ '8.2.0' ],
14 silly audit   'i18next-http-backend': [ '3.0.2' ],
14 silly audit   'image-size': [ '0.5.5' ],
14 silly audit   immer: [ '10.1.3' ],
14 silly audit   inquirer: [ '3.0.6' ],
14 silly audit   'is-fullwidth-code-point': [ '2.0.0', '3.0.0' ],
14 silly audit   internmap: [ '2.0.3' ],
14 silly audit   iobuffer: [ '5.4.0' ],
14 silly audit   'is-binary-path': [ '2.1.0' ],
14 silly audit   'is-core-module': [ '2.16.1' ],
14 silly audit   'is-extglob': [ '2.1.1' ],
14 silly audit   'is-glob': [ '4.0.3' ],
14 silly audit   'is-number': [ '7.0.0' ],
14 silly audit   'is-stream': [ '1.1.0' ],
14 silly audit   'is-what': [ '3.14.1' ],
14 silly audit   isexe: [ '2.0.0' ],
14 silly audit   jackspeak: [ '3.4.3' ],
14 silly audit   jiti: [ '1.21.7' ],
14 silly audit   'js-tokens': [ '4.0.0' ],
14 silly audit   jsbarcode: [ '3.12.1' ],
14 silly audit   jsesc: [ '3.1.0' ],
14 silly audit   json5: [ '2.2.3' ],
14 silly audit   jspdf: [ '3.0.4' ],
14 silly audit   'jspdf-autotable': [ '5.0.2' ],
14 silly audit   'laravel-echo': [ '1.19.0' ],
14 silly audit   'laravel-vite-plugin': [ '1.3.0' ],
14 silly audit   less: [ '4.4.2' ],
14 silly audit   lilconfig: [ '3.1.3' ],
14 silly audit   'lines-and-columns': [ '1.2.4' ],
14 silly audit   'linkify-it': [ '5.0.0' ],
14 silly audit   linkifyjs: [ '4.3.2' ],
14 silly audit   'locate-path': [ '5.0.0' ],
14 silly audit   lodash: [ '4.17.21' ],
14 silly audit   'lodash-es': [ '4.17.21' ],
14 silly audit   'lodash.isequal': [ '4.5.0' ],
14 silly audit   'loose-envify': [ '1.4.0' ],
14 silly audit   'lru-cache': [ '5.1.1', '10.4.3' ],
14 silly audit   'lucide-react': [ '0.378.0' ],
14 silly audit   'magic-string': [ '0.30.18' ],
14 silly audit   'make-dir': [ '2.1.0' ],
14 silly audit   pify: [ '4.0.1', '2.3.0' ],
14 silly audit   semver: [ '5.7.2', '6.3.1' ],
14 silly audit   'markdown-it': [ '14.1.0' ],
14 silly audit   'math-intrinsics': [ '1.1.0' ],
14 silly audit   mdurl: [ '2.0.0' ],
14 silly audit   merge2: [ '1.4.1' ],
14 silly audit   micromatch: [ '4.0.8' ],
14 silly audit   mime: [ '1.6.0' ],
14 silly audit   'mime-db': [ '1.52.0' ],
14 silly audit   'mime-types': [ '2.1.35' ],
14 silly audit   'mimic-fn': [ '1.2.0' ],
14 silly audit   'mini-svg-data-uri': [ '1.4.4' ],
14 silly audit   minimatch: [ '9.0.5' ],
14 silly audit   minimist: [ '1.2.0' ],
14 silly audit   minipass: [ '7.1.2' ],
14 silly audit   ms: [ '2.1.3' ],
14 silly audit   'mute-stream': [ '0.0.7' ],
14 silly audit   mz: [ '2.7.0' ],
14 silly audit   nanoid: [ '3.3.11' ],
14 silly audit   needle: [ '3.3.1' ],
14 silly audit   'next-themes': [ '0.3.0' ],
14 silly audit   'node-fetch': [ '2.7.0', '1.6.3' ],
14 silly audit   'node-releases': [ '2.0.19' ],
14 silly audit   'normalize-path': [ '3.0.0' ],
14 silly audit   'normalize-range': [ '0.1.2' ],
14 silly audit   nprogress: [ '0.2.0' ],
14 silly audit   'object-assign': [ '4.1.1' ],
14 silly audit   'object-hash': [ '3.0.0' ],
14 silly audit   'object-inspect': [ '1.13.4' ],
14 silly audit   onetime: [ '2.0.1' ],
14 silly audit   opencollective: [ '1.0.3' ],
14 silly audit   'opencollective-postinstall': [ '2.0.3' ],
14 silly audit   opn: [ '4.0.2' ],
14 silly audit   orderedmap: [ '2.1.1' ],
14 silly audit   'os-tmpdir': [ '1.0.2' ],
14 silly audit   'p-limit': [ '2.3.0' ],
14 silly audit   'p-locate': [ '4.1.0' ],
14 silly audit   'p-try': [ '2.2.0' ],
14 silly audit   'package-json-from-dist': [ '1.0.1' ],
14 silly audit   pako: [ '2.1.0' ],
14 silly audit   'parse-node-version': [ '1.0.1' ],
14 silly audit   'path-exists': [ '4.0.0' ],
14 silly audit   'path-key': [ '3.1.1' ],
14 silly audit   'path-parse': [ '1.0.7' ],
14 silly audit   'path-scurry': [ '1.11.1' ],
14 silly audit   'performance-now': [ '2.1.0' ],
14 silly audit   picocolors: [ '1.1.1' ],
14 silly audit   picomatch: [ '2.3.1' ],
14 silly audit   pinkie: [ '2.0.4' ],
14 silly audit   'pinkie-promise': [ '2.0.1' ],
14 silly audit   pirates: [ '4.0.7' ],
14 silly audit   pngjs: [ '5.0.0' ],
14 silly audit   postcss: [ '8.5.6' ],
14 silly audit   'postcss-import': [ '15.1.0' ],
14 silly audit   'postcss-js': [ '4.0.1' ],
14 silly audit   'postcss-load-config': [ '4.0.2' ],
14 silly audit   'postcss-nested': [ '6.2.0' ],
14 silly audit   'postcss-selector-parser': [ '6.1.2' ],
14 silly audit   'postcss-value-parser': [ '4.2.0' ],
14 silly audit   preact: [ '10.12.1' ],
14 silly audit   'prop-types': [ '15.8.1' ],
14 silly audit   'prosemirror-changeset': [ '2.3.1' ],
14 silly audit   'prosemirror-collab': [ '1.3.1' ],
14 silly audit   'prosemirror-commands': [ '1.7.1' ],
14 silly audit   'prosemirror-dropcursor': [ '1.8.2' ],
14 silly audit   'prosemirror-gapcursor': [ '1.3.2' ],
14 silly audit   'prosemirror-history': [ '1.4.1' ],
14 silly audit   'prosemirror-inputrules': [ '1.5.0' ],
14 silly audit   'prosemirror-keymap': [ '1.2.3' ],
14 silly audit   'prosemirror-markdown': [ '1.13.2' ],
14 silly audit   'prosemirror-menu': [ '1.2.5' ],
14 silly audit   'prosemirror-model': [ '1.25.3' ],
14 silly audit   'prosemirror-schema-basic': [ '1.2.4' ],
14 silly audit   'prosemirror-schema-list': [ '1.5.1' ],
14 silly audit   'prosemirror-state': [ '1.4.3' ],
14 silly audit   'prosemirror-tables': [ '1.8.1' ],
14 silly audit   'prosemirror-trailing-node': [ '3.0.0' ],
14 silly audit   'prosemirror-transform': [ '1.10.4' ],
14 silly audit   'prosemirror-view': [ '1.40.1' ],
14 silly audit   'proxy-from-env': [ '1.1.0' ],
14 silly audit   prr: [ '1.0.1' ],
14 silly audit   'punycode.js': [ '2.3.1' ],
14 silly audit   'pusher-js': [ '8.4.0' ],
14 silly audit   qrcode: [ '1.5.4' ],
14 silly audit   qs: [ '6.14.0' ],
14 silly audit   'queue-microtask': [ '1.2.3' ],
14 silly audit   raf: [ '3.4.1' ],
14 silly audit   'raf-schd': [ '4.0.3' ],
14 silly audit   react: [ '18.3.1' ],
14 silly audit   'react-async-script': [ '1.2.0' ],
14 silly audit   'react-datepicker': [ '8.7.0' ],
14 silly audit   'react-day-picker': [ '9.9.0' ],
14 silly audit   'react-dom': [ '18.3.1' ],
14 silly audit   'react-google-recaptcha': [ '3.1.0' ],
14 silly audit   'react-i18next': [ '15.7.2' ],
14 silly audit   'react-is': [ '16.13.1' ],
14 silly audit   'react-redux': [ '9.2.0' ],
14 silly audit   'react-refresh': [ '0.17.0' ],
14 silly audit   'react-remove-scroll': [ '2.7.1' ],
14 silly audit   'react-remove-scroll-bar': [ '2.3.8' ],
14 silly audit   'react-signature-canvas': [ '1.0.7' ],
14 silly audit   'react-style-singleton': [ '2.2.3' ],
14 silly audit   'read-cache': [ '1.0.0' ],
14 silly audit   readdirp: [ '3.6.0' ],
14 silly audit   recharts: [ '3.2.0' ],
14 silly audit   redux: [ '5.0.1' ],
14 silly audit   'redux-thunk': [ '3.1.0' ],
14 silly audit   'require-directory': [ '2.1.1' ],
14 silly audit   'require-main-filename': [ '2.0.0' ],
14 silly audit   reselect: [ '5.1.1' ],
14 silly audit   resolve: [ '1.22.10' ],
14 silly audit   'restore-cursor': [ '2.0.0' ],
14 silly audit   'signal-exit': [ '3.0.7', '4.1.0' ],
14 silly audit   reusify: [ '1.1.0' ],
14 silly audit   rgbcolor: [ '1.0.1' ],
14 silly audit   rollup: [ '4.49.0' ],
14 silly audit   'rope-sequence': [ '1.3.4' ],
14 silly audit   'run-async': [ '2.4.1' ],
14 silly audit   'run-parallel': [ '1.2.0' ],
14 silly audit   rx: [ '4.1.0' ],
14 silly audit   'safer-buffer': [ '2.1.2' ],
14 silly audit   sax: [ '1.4.3' ],
14 silly audit   scheduler: [ '0.23.2' ],
14 silly audit   'set-blocking': [ '2.0.0' ],
14 silly audit   'shebang-command': [ '2.0.0' ],
14 silly audit   'shebang-regex': [ '3.0.0' ],
14 silly audit   'side-channel': [ '1.1.0' ],
14 silly audit   'side-channel-list': [ '1.0.0' ],
14 silly audit   'side-channel-map': [ '1.0.1' ],
14 silly audit   'side-channel-weakmap': [ '1.0.2' ],
14 silly audit   signature_pad: [ '2.3.2' ],
14 silly audit   sonner: [ '2.0.7' ],
14 silly audit   'source-map': [ '0.6.1' ],
14 silly audit   'source-map-js': [ '1.2.1' ],
14 silly audit   'stackblur-canvas': [ '2.7.0' ],
14 silly audit   sucrase: [ '3.35.0' ],
14 silly audit   'supports-color': [ '2.0.0' ],
14 silly audit   'supports-preserve-symlinks-flag': [ '1.0.0' ],
14 silly audit   'svg-pathdata': [ '6.0.3' ],
14 silly audit   tabbable: [ '6.2.0' ],
14 silly audit   'tailwind-merge': [ '2.6.0' ],
14 silly audit   tailwindcss: [ '3.4.17' ],
14 silly audit   'tailwindcss-animate': [ '1.0.7' ],
14 silly audit   'text-segmentation': [ '1.0.3' ],
14 silly audit   thenify: [ '3.3.1' ],
14 silly audit   'thenify-all': [ '1.6.0' ],
14 silly audit   through: [ '2.3.8' ],
14 silly audit   'tiny-invariant': [ '1.3.3' ],
14 silly audit   tmp: [ '0.0.33' ],
14 silly audit   'to-regex-range': [ '5.0.1' ],
14 silly audit   tr46: [ '0.0.3' ],
14 silly audit   'trim-canvas': [ '0.1.2' ],
14 silly audit   'ts-interface-checker': [ '0.1.13' ],
14 silly audit   tslib: [ '2.8.1' ],
14 silly audit   tweetnacl: [ '1.0.3' ],
14 silly audit   typescript: [ '5.9.2' ],
14 silly audit   'uc.micro': [ '2.1.0' ],
14 silly audit   'undici-types': [ '5.26.5' ],
14 silly audit   'unicode-emoji-json': [ '0.8.0' ],
14 silly audit   'update-browserslist-db': [ '1.1.3' ],
14 silly audit   'use-callback-ref': [ '1.3.3' ],
14 silly audit   'use-sidecar': [ '1.1.3' ],
14 silly audit   'use-sync-external-store': [ '1.5.0' ],
14 silly audit   'util-deprecate': [ '1.0.2' ],
14 silly audit   utrie: [ '1.0.2' ],
14 silly audit   'victory-vendor': [ '37.3.6' ],
14 silly audit   vite: [ '5.4.20' ],
14 silly audit   'vite-plugin-full-reload': [ '1.2.0' ],
14 silly audit   'void-elements': [ '3.1.0' ],
14 silly audit   vue: [ '3.5.20' ],
14 silly audit   'w3c-keyname': [ '2.2.8' ],
14 silly audit   'webidl-conversions': [ '3.0.1' ],
14 silly audit   'whatwg-url': [ '5.0.0' ],
14 silly audit   which: [ '2.0.2' ],
14 silly audit   'which-module': [ '2.0.1' ],
14 silly audit   'x-data-spreadsheet': [ '1.1.9' ],
14 silly audit   y18n: [ '4.0.3' ],
14 silly audit   yallist: [ '3.1.1' ],
14 silly audit   yaml: [ '2.8.1' ],
14 silly audit   yargs: [ '15.4.1' ],
14 silly audit   'yargs-parser': [ '18.1.3' ]
14 silly audit }
15 verbose audit error FetchError: request to https://registry.npmjs.org/-/npm/v1/security/advisories/bulk failed, reason: 
15 verbose audit error     at ClientRequest.<anonymous> (C:\Program Files\nodejs\node_modules\npm\node_modules\minipass-fetch\lib\index.js:130:14)
15 verbose audit error     at ClientRequest.emit (node:events:508:20)
15 verbose audit error     at emitErrorEvent (node:_http_client:108:11)
15 verbose audit error     at _destroy (node:_http_client:975:9)
15 verbose audit error     at onSocketNT (node:_http_client:995:5)
15 verbose audit error     at process.processTicksAndRejections (node:internal/process/task_queues:91:21) {
15 verbose audit error   code: 'EACCES',
15 verbose audit error   errno: 'EACCES',
15 verbose audit error   type: 'system'
15 verbose audit error }
16 silly audit error undefined
17 silly audit report null
18 verbose cwd C:\xampp\htdocs\repo\Kyro-repo
19 verbose os Windows_NT 10.0.26200
20 verbose node v25.7.0
21 verbose npm  v11.10.1
22 verbose exit 0
23 info ok
